Determining if the pthread_create exist failed with the following output:
Change Dir: /home/paul/ug4/plugins/ConvectionDiffusion/wrapper/build/CMakeFiles/CMakeTmp

Run Build Command:"/usr/bin/make" "cmTC_22365/fast"
/usr/bin/make -f CMakeFiles/cmTC_22365.dir/build.make CMakeFiles/cmTC_22365.dir/build
make[1]: Entering directory '/home/paul/ug4/plugins/ConvectionDiffusion/wrapper/build/CMakeFiles/CMakeTmp'
Building C object CMakeFiles/cmTC_22365.dir/CheckSymbolExists.c.o
/usr/bin/cc   -Wall -Wno-multichar -Wno-unused-local-typedefs -Wno-maybe-uninitialized -O3 -DNDEBUG -funroll-loops -ftree-vectorize    -o CMakeFiles/cmTC_22365.dir/CheckSymbolExists.c.o   -c /home/paul/ug4/plugins/ConvectionDiffusion/wrapper/build/CMakeFiles/CMakeTmp/CheckSymbolExists.c
Linking C executable cmTC_22365
/usr/bin/cmake -E cmake_link_script CMakeFiles/cmTC_22365.dir/link.txt --verbose=1
/usr/bin/cc  -Wall -Wno-multichar -Wno-unused-local-typedefs -Wno-maybe-uninitialized -O3 -DNDEBUG -funroll-loops -ftree-vectorize     -rdynamic CMakeFiles/cmTC_22365.dir/CheckSymbolExists.c.o  -o cmTC_22365 
CMakeFiles/cmTC_22365.dir/CheckSymbolExists.c.o: In function `main':
CheckSymbolExists.c:(.text.startup+0x3): undefined reference to `pthread_create'
collect2: error: ld returned 1 exit status
CMakeFiles/cmTC_22365.dir/build.make:97: recipe for target 'cmTC_22365' failed
make[1]: *** [cmTC_22365] Error 1
make[1]: Leaving directory '/home/paul/ug4/plugins/ConvectionDiffusion/wrapper/build/CMakeFiles/CMakeTmp'
Makefile:126: recipe for target 'cmTC_22365/fast' failed
make: *** [cmTC_22365/fast] Error 2

File /home/paul/ug4/plugins/ConvectionDiffusion/wrapper/build/CMakeFiles/CMakeTmp/CheckSymbolExists.c:
/* */
#include <pthread.h>

int main(int argc, char** argv)
{
  (void)argv;
#ifndef pthread_create
  return ((int*)(&pthread_create))[argc];
#else
  (void)argc;
  return 0;
#endif
}

Determining if the function pthread_create exists in the pthreads failed with the following output:
Change Dir: /home/paul/ug4/plugins/ConvectionDiffusion/wrapper/build/CMakeFiles/CMakeTmp

Run Build Command:"/usr/bin/make" "cmTC_46c4f/fast"
/usr/bin/make -f CMakeFiles/cmTC_46c4f.dir/build.make CMakeFiles/cmTC_46c4f.dir/build
make[1]: Entering directory '/home/paul/ug4/plugins/ConvectionDiffusion/wrapper/build/CMakeFiles/CMakeTmp'
Building C object CMakeFiles/cmTC_46c4f.dir/CheckFunctionExists.c.o
/usr/bin/cc   -Wall -Wno-multichar -Wno-unused-local-typedefs -Wno-maybe-uninitialized -O3 -DNDEBUG -funroll-loops -ftree-vectorize -DCHECK_FUNCTION_EXISTS=pthread_create   -o CMakeFiles/cmTC_46c4f.dir/CheckFunctionExists.c.o   -c /usr/share/cmake-3.10/Modules/CheckFunctionExists.c
Linking C executable cmTC_46c4f
/usr/bin/cmake -E cmake_link_script CMakeFiles/cmTC_46c4f.dir/link.txt --verbose=1
/usr/bin/cc  -Wall -Wno-multichar -Wno-unused-local-typedefs -Wno-maybe-uninitialized -O3 -DNDEBUG -funroll-loops -ftree-vectorize -DCHECK_FUNCTION_EXISTS=pthread_create    -rdynamic CMakeFiles/cmTC_46c4f.dir/CheckFunctionExists.c.o  -o cmTC_46c4f -lpthreads 
/usr/bin/ld: cannot find -lpthreads
collect2: error: ld returned 1 exit status
CMakeFiles/cmTC_46c4f.dir/build.make:97: recipe for target 'cmTC_46c4f' failed
make[1]: *** [cmTC_46c4f] Error 1
make[1]: Leaving directory '/home/paul/ug4/plugins/ConvectionDiffusion/wrapper/build/CMakeFiles/CMakeTmp'
Makefile:126: recipe for target 'cmTC_46c4f/fast' failed
make: *** [cmTC_46c4f/fast] Error 2


